This is pdfTeX, Version 3.14159265-2.6-1.40.20 (MiKTeX 2.9.7200 64-bit) (preloaded format=pdflatex 2019.10.13)  11 DEC 2019 08:43
entering extended mode
**./problem-statement.tex
(problem-statement.tex
LaTeX2e <2019-10-01>

("C:\Users\Urmo Lihten\AppData\Local\Programs\MiKTeX 2.9\tex/latex/base\article
.cls"
Document Class: article 2019/08/27 v1.4j Standard LaTeX document class

("C:\Users\Urmo Lihten\AppData\Local\Programs\MiKTeX 2.9\tex/latex/base\size12.
clo"
File: size12.clo 2019/08/27 v1.4j Standard LaTeX file (size option)
)
\c@part=\count80
\c@section=\count81
\c@subsection=\count82
\c@subsubsection=\count83
\c@paragraph=\count84
\c@subparagraph=\count85
\c@figure=\count86
\c@table=\count87
\abovecaptionskip=\skip41
\belowcaptionskip=\skip42
\bibindent=\dimen102
) (problem-statement.aux)
\openout1 = `problem-statement.aux'.

LaTeX Font Info:    Checking defaults for OML/cmm/m/it on input line 5.
LaTeX Font Info:    ... okay on input line 5.
LaTeX Font Info:    Checking defaults for T1/cmr/m/n on input line 5.
LaTeX Font Info:    ... okay on input line 5.
LaTeX Font Info:    Checking defaults for OT1/cmr/m/n on input line 5.
LaTeX Font Info:    ... okay on input line 5.
LaTeX Font Info:    Checking defaults for OMS/cmsy/m/n on input line 5.
LaTeX Font Info:    ... okay on input line 5.
LaTeX Font Info:    Checking defaults for OMX/cmex/m/n on input line 5.
LaTeX Font Info:    ... okay on input line 5.
LaTeX Font Info:    Checking defaults for U/cmr/m/n on input line 5.
LaTeX Font Info:    ... okay on input line 5.
LaTeX Font Info:    External font `cmex10' loaded for size
(Font)              <14.4> on input line 7.
LaTeX Font Info:    External font `cmex10' loaded for size
(Font)              <7> on input line 7.

Overfull \hbox (0.77095pt too wide) in paragraph at lines 19--21
\OT1/cmr/m/n/12 Health In-for-ma-tion Sys-tem in Es-to-nia holds dif-fer-ent el
ec-tronic health records
 []

[1

{C:/Users/Urmo Lihten/AppData/Local/MiKTeX/2.9/pdftex/config/pdftex.map}]
[2] [3] (problem-statement.aux) ) 
Here is how much of TeX's memory you used:
 228 strings out of 492452
 2802 string characters out of 3117259
 65502 words of memory out of 3000000
 4669 multiletter control sequences out of 15000+200000
 5756 words of font info for 21 fonts, out of 3000000 for 9000
 1141 hyphenation exceptions out of 8191
 24i,6n,21p,885b,187s stack positions out of 5000i,500n,10000p,200000b,50000s
<C:/Users/Urmo Lihten/AppData/Local/Programs/M
iKTeX 2.9/fonts/type1/public/amsfonts/cm/cmbx12.pfb><C:/Users/Urmo Lihten/AppDa
ta/Local/Programs/MiKTeX 2.9/fonts/type1/public/amsfonts/cm/cmr12.pfb><C:/Users
/Urmo Lihten/AppData/Local/Programs/MiKTeX 2.9/fonts/type1/public/amsfonts/cm/c
mr17.pfb>
Output written on problem-statement.pdf (3 pages, 50416 bytes).
PDF statistics:
 24 PDF objects out of 1000 (max. 8388607)
 0 named destinations out of 1000 (max. 500000)
 1 words of extra memory for PDF output out of 10000 (max. 10000000)

